c:\users\pawel\documents\praca\portfolio\armature_direct3d\x64\release\armature_direct3d.lib
c:\users\pawel\documents\praca\portfolio\armature_direct3d\x64\release\armature_direct3d.exp
c:\users\pawel\documents\praca\portfolio\git_repos\armature_direct3d_repo\x64\release\armature_direct3d.lib
c:\users\pawel\documents\praca\portfolio\git_repos\armature_direct3d_repo\x64\release\armature_direct3d.exp
c:\users\pawel\documents\praca\portfolio\armature_direct3d\armature_direct3d\x64\release\vc142.pdb
c:\users\pawel\documents\praca\portfolio\armature_direct3d\armature_direct3d\x64\release\main.obj
c:\users\pawel\documents\praca\portfolio\armature_direct3d\armature_direct3d\x64\release\d3d_wrappers.obj
c:\users\pawel\documents\praca\portfolio\armature_direct3d\armature_direct3d\x64\release\3d_lib.obj
c:\users\pawel\documents\praca\portfolio\git_repos\armature_direct3d_repo\armature_direct3d\x64\release\vc142.pdb
c:\users\pawel\documents\praca\portfolio\git_repos\armature_direct3d_repo\armature_direct3d\x64\release\main.obj
c:\users\pawel\documents\praca\portfolio\git_repos\armature_direct3d_repo\armature_direct3d\x64\release\d3d_wrappers.obj
c:\users\pawel\documents\praca\portfolio\git_repos\armature_direct3d_repo\armature_direct3d\x64\release\3d_lib.obj
c:\users\pawel\documents\praca\portfolio\armature_direct3d\x64\release\armature_direct3d.exe
c:\users\pawel\documents\praca\portfolio\armature_direct3d\armature_direct3d\x64\release\armature_direct3d.ipdb
c:\users\pawel\documents\praca\portfolio\armature_direct3d\armature_direct3d\x64\release\armature_direct3d.iobj
c:\users\pawel\documents\praca\portfolio\armature_direct3d\x64\release\armature_direct3d.pdb
c:\users\pawel\documents\praca\portfolio\git_repos\armature_direct3d_repo\x64\release\armature_direct3d.exe
c:\users\pawel\documents\praca\portfolio\git_repos\armature_direct3d_repo\armature_direct3d\x64\release\armature_direct3d.ipdb
c:\users\pawel\documents\praca\portfolio\git_repos\armature_direct3d_repo\armature_direct3d\x64\release\armature_direct3d.iobj
c:\users\pawel\documents\praca\portfolio\git_repos\armature_direct3d_repo\x64\release\armature_direct3d.pdb
c:\users\pawel\documents\praca\portfolio\git_repos\armature_direct3d_repo\armature_direct3d\x64\release\armature.1b9077a7.tlog\armature_direct3d.write.1u.tlog
c:\users\pawel\documents\praca\portfolio\git_repos\armature_direct3d_repo\armature_direct3d\x64\release\armature.1b9077a7.tlog\cl.command.1.tlog
c:\users\pawel\documents\praca\portfolio\git_repos\armature_direct3d_repo\armature_direct3d\x64\release\armature.1b9077a7.tlog\cl.read.1.tlog
c:\users\pawel\documents\praca\portfolio\git_repos\armature_direct3d_repo\armature_direct3d\x64\release\armature.1b9077a7.tlog\cl.write.1.tlog
c:\users\pawel\documents\praca\portfolio\git_repos\armature_direct3d_repo\armature_direct3d\x64\release\armature.1b9077a7.tlog\link.command.1.tlog
c:\users\pawel\documents\praca\portfolio\git_repos\armature_direct3d_repo\armature_direct3d\x64\release\armature.1b9077a7.tlog\link.read.1.tlog
c:\users\pawel\documents\praca\portfolio\git_repos\armature_direct3d_repo\armature_direct3d\x64\release\armature.1b9077a7.tlog\link.write.1.tlog
